<?xml version="1.0" encoding="UTF-8" ?>
<testsuite tests="1" failures="0" name="TestSuite" time="2.189" errors="0" skipped="0">
  <properties>
    <property name="java.runtime.name" value="Java(TM) SE Runtime Environment"/>
    <property name="sun.boot.library.path" value="C:\java\jre\bin"/>
    <property name="java.vm.version" value="25.144-b01"/>
    <property name="java.vm.vendor" value="Oracle Corporation"/>
    <property name="maven.multiModuleProjectDirectory" value="C:\DTinsight\rdos_stress"/>
    <property name="java.vendor.url" value="http://java.oracle.com/"/>
    <property name="path.separator" value=";"/>
    <property name="guice.disable.misplaced.annotation.check" value="true"/>
    <property name="java.vm.name" value="Java HotSpot(TM) 64-Bit Server VM"/>
    <property name="file.encoding.pkg" value="sun.io"/>
    <property name="user.script" value=""/>
    <property name="user.country" value="CN"/>
    <property name="sun.java.launcher" value="SUN_STANDARD"/>
    <property name="sun.os.patch.level" value=""/>
    <property name="java.vm.specification.name" value="Java Virtual Machine Specification"/>
    <property name="user.dir" value="C:\DTinsight\rdos_stress"/>
    <property name="java.runtime.version" value="1.8.0_144-b01"/>
    <property name="java.awt.graphicsenv" value="sun.awt.Win32GraphicsEnvironment"/>
    <property name="basedir" value="C:\DTinsight\rdos_stress"/>
    <property name="java.endorsed.dirs" value="C:\java\jre\lib\endorsed"/>
    <property name="os.arch" value="amd64"/>
    <property name="java.io.tmpdir" value="C:\Users\li\AppData\Local\Temp\"/>
    <property name="line.separator" value="
"/>
    <property name="java.vm.specification.vendor" value="Oracle Corporation"/>
    <property name="user.variant" value=""/>
    <property name="os.name" value="Windows 10"/>
    <property name="classworlds.conf" value="C:\rdos\apache-maven-3.5.2-bin\apache-maven-3.5.2\bin\..\bin\m2.conf"/>
    <property name="sun.jnu.encoding" value="GBK"/>
    <property name="java.library.path" value="C:\java\bin;C:\WINDOWS\Sun\Java\bin;C:\WINDOWS\system32;C:\WINDOWS;C:\Program Files (x86)\Intel\Intel(R) Management Engine Components\iCLS\;C:\Program Files\Intel\Intel(R) Management Engine Components\iCLS\;C:\soft\jmeter\apache-ant-1.10.1-bin\apache-ant-1.10.1\bin;C:\Program Files (x86)\Windows Kits\8.1\Windows Performance Toolkit\;C:\Python27;C:\rdos\apache-maven-3.5.2-bin\apache-maven-3.5.2\bin;C:\Python27\Scripts;C:\Program Files\Git\cmd;C:\Program Files (x86)\NVIDIA Corporation\PhysX\Common;C:\Users\li\Desktop\rdos数据同步自动化\php-7.2.4-nts-Win32-VC15-x64;C:\Program Files\Intel\WiFi\bin\;C:\Program Files\Common Files\Intel\WirelessCommon\;C:\WINDOWS\system32;C:\WINDOWS;C:\WINDOWS\System32\Wbem;C:\WINDOWS\System32\WindowsPowerShell\v1.0\;C:\WINDOWS\System32\OpenSSH\;C:\Program Files\OpenVPN\bin;C:\Program Files (x86)\Intel\Intel(R) Management Engine Components\DAL;C:\Program Files\Intel\Intel(R) Management Engine Components\DAL;C:\Program Files (x86)\Intel\Intel(R) Management Engine Components\IPT;C:\Program Files\Intel\Intel(R) Management Engine Components\IPT;C:\java\bin;C:\java\jre\bin;C:\Program Files (x86)\SSH Communications Security\SSH Secure Shell;C:\Users\li\AppData\Local\Microsoft\WindowsApps;C:\Python27\; C:\rdos\apache-maven-3.5.2-bin\apache-maven-3.5.2\bin;C:\Python27\Scripts;C:\Users\li\Desktop\rdos数据同步自动化\php-7.2.4-nts-Win32-VC15-x64;;."/>
    <property name="surefire.test.class.path" value="C:\DTinsight\rdos_stress\target\test-classes;C:\DTinsight\rdos_stress\target\classes;C:\idea\jar\maven\commons-lang\commons-lang\2.6\commons-lang-2.6.jar;C:\idea\jar\maven\org\apache\spark\spark-core_2.11\2.1.0\spark-core_2.11-2.1.0.jar;C:\idea\jar\maven\org\apache\avro\avro-mapred\1.7.7\avro-mapred-1.7.7-hadoop2.jar;C:\idea\jar\maven\org\apache\avro\avro-ipc\1.7.7\avro-ipc-1.7.7.jar;C:\idea\jar\maven\org\apache\avro\avro\1.7.7\avro-1.7.7.jar;C:\idea\jar\maven\org\apache\commons\commons-compress\1.4.1\commons-compress-1.4.1.jar;C:\idea\jar\maven\org\tukaani\xz\1.0\xz-1.0.jar;C:\idea\jar\maven\org\apache\avro\avro-ipc\1.7.7\avro-ipc-1.7.7-tests.jar;C:\idea\jar\maven\com\twitter\chill_2.11\0.8.0\chill_2.11-0.8.0.jar;C:\idea\jar\maven\com\esotericsoftware\kryo-shaded\3.0.3\kryo-shaded-3.0.3.jar;C:\idea\jar\maven\com\esotericsoftware\minlog\1.3.0\minlog-1.3.0.jar;C:\idea\jar\maven\org\objenesis\objenesis\2.1\objenesis-2.1.jar;C:\idea\jar\maven\com\twitter\chill-java\0.8.0\chill-java-0.8.0.jar;C:\idea\jar\maven\org\apache\xbean\xbean-asm5-shaded\4.4\xbean-asm5-shaded-4.4.jar;C:\idea\jar\maven\org\apache\hadoop\hadoop-client\2.2.0\hadoop-client-2.2.0.jar;C:\idea\jar\maven\org\apache\hadoop\hadoop-mapreduce-client-app\2.2.0\hadoop-mapreduce-client-app-2.2.0.jar;C:\idea\jar\maven\org\apache\hadoop\hadoop-mapreduce-client-common\2.2.0\hadoop-mapreduce-client-common-2.2.0.jar;C:\idea\jar\maven\org\apache\hadoop\hadoop-yarn-client\2.2.0\hadoop-yarn-client-2.2.0.jar;C:\idea\jar\maven\org\apache\hadoop\hadoop-yarn-server-common\2.2.0\hadoop-yarn-server-common-2.2.0.jar;C:\idea\jar\maven\org\apache\hadoop\hadoop-mapreduce-client-shuffle\2.2.0\hadoop-mapreduce-client-shuffle-2.2.0.jar;C:\idea\jar\maven\org\apache\hadoop\hadoop-yarn-api\2.2.0\hadoop-yarn-api-2.2.0.jar;C:\idea\jar\maven\org\apache\hadoop\hadoop-mapreduce-client-core\2.2.0\hadoop-mapreduce-client-core-2.2.0.jar;C:\idea\jar\maven\org\apache\hadoop\hadoop-yarn-common\2.2.0\hadoop-yarn-common-2.2.0.jar;C:\idea\jar\maven\org\apache\hadoop\hadoop-mapreduce-client-jobclient\2.2.0\hadoop-mapreduce-client-jobclient-2.2.0.jar;C:\idea\jar\maven\org\apache\spark\spark-launcher_2.11\2.1.0\spark-launcher_2.11-2.1.0.jar;C:\idea\jar\maven\org\apache\spark\spark-network-common_2.11\2.1.0\spark-network-common_2.11-2.1.0.jar;C:\idea\jar\maven\org\fusesource\leveldbjni\leveldbjni-all\1.8\leveldbjni-all-1.8.jar;C:\idea\jar\maven\org\apache\spark\spark-network-shuffle_2.11\2.1.0\spark-network-shuffle_2.11-2.1.0.jar;C:\idea\jar\maven\org\apache\spark\spark-unsafe_2.11\2.1.0\spark-unsafe_2.11-2.1.0.jar;C:\idea\jar\maven\net\java\dev\jets3t\jets3t\0.7.1\jets3t-0.7.1.jar;C:\idea\jar\maven\commons-httpclient\commons-httpclient\3.1\commons-httpclient-3.1.jar;C:\idea\jar\maven\org\apache\curator\curator-recipes\2.4.0\curator-recipes-2.4.0.jar;C:\idea\jar\maven\javax\servlet\javax.servlet-api\3.1.0\javax.servlet-api-3.1.0.jar;C:\idea\jar\maven\org\apache\commons\commons-lang3\3.5\commons-lang3-3.5.jar;C:\idea\jar\maven\org\apache\commons\commons-math3\3.4.1\commons-math3-3.4.1.jar;C:\idea\jar\maven\com\google\code\findbugs\jsr305\1.3.9\jsr305-1.3.9.jar;C:\idea\jar\maven\org\slf4j\slf4j-api\1.7.16\slf4j-api-1.7.16.jar;C:\idea\jar\maven\org\slf4j\jul-to-slf4j\1.7.16\jul-to-slf4j-1.7.16.jar;C:\idea\jar\maven\org\slf4j\jcl-over-slf4j\1.7.16\jcl-over-slf4j-1.7.16.jar;C:\idea\jar\maven\log4j\log4j\1.2.17\log4j-1.2.17.jar;C:\idea\jar\maven\org\slf4j\slf4j-log4j12\1.7.16\slf4j-log4j12-1.7.16.jar;C:\idea\jar\maven\com\ning\compress-lzf\1.0.3\compress-lzf-1.0.3.jar;C:\idea\jar\maven\org\xerial\snappy\snappy-java\1.1.2.6\snappy-java-1.1.2.6.jar;C:\idea\jar\maven\net\jpountz\lz4\lz4\1.3.0\lz4-1.3.0.jar;C:\idea\jar\maven\org\roaringbitmap\RoaringBitmap\0.5.11\RoaringBitmap-0.5.11.jar;C:\idea\jar\maven\commons-net\commons-net\2.2\commons-net-2.2.jar;C:\idea\jar\maven\org\scala-lang\scala-library\2.11.8\scala-library-2.11.8.jar;C:\idea\jar\maven\org\json4s\json4s-jackson_2.11\3.2.11\json4s-jackson_2.11-3.2.11.jar;C:\idea\jar\maven\org\json4s\json4s-core_2.11\3.2.11\json4s-core_2.11-3.2.11.jar;C:\idea\jar\maven\org\json4s\json4s-ast_2.11\3.2.11\json4s-ast_2.11-3.2.11.jar;C:\idea\jar\maven\com\thoughtworks\paranamer\paranamer\2.6\paranamer-2.6.jar;C:\idea\jar\maven\org\scala-lang\scalap\2.11.0\scalap-2.11.0.jar;C:\idea\jar\maven\org\scala-lang\scala-compiler\2.11.0\scala-compiler-2.11.0.jar;C:\idea\jar\maven\org\scala-lang\modules\scala-parser-combinators_2.11\1.0.1\scala-parser-combinators_2.11-1.0.1.jar;C:\idea\jar\maven\org\glassfish\jersey\core\jersey-client\2.22.2\jersey-client-2.22.2.jar;C:\idea\jar\maven\javax\ws\rs\javax.ws.rs-api\2.0.1\javax.ws.rs-api-2.0.1.jar;C:\idea\jar\maven\org\glassfish\hk2\hk2-api\2.4.0-b34\hk2-api-2.4.0-b34.jar;C:\idea\jar\maven\org\glassfish\hk2\hk2-utils\2.4.0-b34\hk2-utils-2.4.0-b34.jar;C:\idea\jar\maven\org\glassfish\hk2\external\aopalliance-repackaged\2.4.0-b34\aopalliance-repackaged-2.4.0-b34.jar;C:\idea\jar\maven\org\glassfish\hk2\external\javax.inject\2.4.0-b34\javax.inject-2.4.0-b34.jar;C:\idea\jar\maven\org\glassfish\hk2\hk2-locator\2.4.0-b34\hk2-locator-2.4.0-b34.jar;C:\idea\jar\maven\org\javassist\javassist\3.18.1-GA\javassist-3.18.1-GA.jar;C:\idea\jar\maven\org\glassfish\jersey\core\jersey-common\2.22.2\jersey-common-2.22.2.jar;C:\idea\jar\maven\javax\annotation\javax.annotation-api\1.2\javax.annotation-api-1.2.jar;C:\idea\jar\maven\org\glassfish\jersey\bundles\repackaged\jersey-guava\2.22.2\jersey-guava-2.22.2.jar;C:\idea\jar\maven\org\glassfish\hk2\osgi-resource-locator\1.0.1\osgi-resource-locator-1.0.1.jar;C:\idea\jar\maven\org\glassfish\jersey\core\jersey-server\2.22.2\jersey-server-2.22.2.jar;C:\idea\jar\maven\org\glassfish\jersey\media\jersey-media-jaxb\2.22.2\jersey-media-jaxb-2.22.2.jar;C:\idea\jar\maven\javax\validation\validation-api\1.1.0.Final\validation-api-1.1.0.Final.jar;C:\idea\jar\maven\org\glassfish\jersey\containers\jersey-container-servlet\2.22.2\jersey-container-servlet-2.22.2.jar;C:\idea\jar\maven\org\glassfish\jersey\containers\jersey-container-servlet-core\2.22.2\jersey-container-servlet-core-2.22.2.jar;C:\idea\jar\maven\io\netty\netty-all\4.0.42.Final\netty-all-4.0.42.Final.jar;C:\idea\jar\maven\io\netty\netty\3.8.0.Final\netty-3.8.0.Final.jar;C:\idea\jar\maven\com\clearspring\analytics\stream\2.7.0\stream-2.7.0.jar;C:\idea\jar\maven\io\dropwizard\metrics\metrics-core\3.1.2\metrics-core-3.1.2.jar;C:\idea\jar\maven\io\dropwizard\metrics\metrics-jvm\3.1.2\metrics-jvm-3.1.2.jar;C:\idea\jar\maven\io\dropwizard\metrics\metrics-json\3.1.2\metrics-json-3.1.2.jar;C:\idea\jar\maven\io\dropwizard\metrics\metrics-graphite\3.1.2\metrics-graphite-3.1.2.jar;C:\idea\jar\maven\com\fasterxml\jackson\core\jackson-databind\2.6.5\jackson-databind-2.6.5.jar;C:\idea\jar\maven\com\fasterxml\jackson\module\jackson-module-scala_2.11\2.6.5\jackson-module-scala_2.11-2.6.5.jar;C:\idea\jar\maven\org\scala-lang\scala-reflect\2.11.7\scala-reflect-2.11.7.jar;C:\idea\jar\maven\com\fasterxml\jackson\module\jackson-module-paranamer\2.6.5\jackson-module-paranamer-2.6.5.jar;C:\idea\jar\maven\org\apache\ivy\ivy\2.4.0\ivy-2.4.0.jar;C:\idea\jar\maven\oro\oro\2.0.8\oro-2.0.8.jar;C:\idea\jar\maven\net\razorvine\pyrolite\4.13\pyrolite-4.13.jar;C:\idea\jar\maven\net\sf\py4j\py4j\0.10.4\py4j-0.10.4.jar;C:\idea\jar\maven\org\apache\spark\spark-tags_2.11\2.1.0\spark-tags_2.11-2.1.0.jar;C:\idea\jar\maven\org\scalatest\scalatest_2.11\2.2.6\scalatest_2.11-2.2.6.jar;C:\idea\jar\maven\org\scala-lang\modules\scala-xml_2.11\1.0.2\scala-xml_2.11-1.0.2.jar;C:\idea\jar\maven\org\apache\commons\commons-crypto\1.0.0\commons-crypto-1.0.0.jar;C:\idea\jar\maven\org\spark-project\spark\unused\1.0.0\unused-1.0.0.jar;C:\idea\jar\maven\org\testng\testng\6.8\testng-6.8.jar;C:\idea\jar\maven\junit\junit\4.10\junit-4.10.jar;C:\idea\jar\maven\org\hamcrest\hamcrest-core\1.1\hamcrest-core-1.1.jar;C:\idea\jar\maven\org\beanshell\bsh\2.0b4\bsh-2.0b4.jar;C:\idea\jar\maven\com\beust\jcommander\1.27\jcommander-1.27.jar;C:\idea\jar\maven\org\yaml\snakeyaml\1.6\snakeyaml-1.6.jar;C:\idea\jar\maven\org\codehaus\jettison\jettison\1.4.0\jettison-1.4.0.jar;C:\idea\jar\maven\com\google\code\gson\gson\2.2.4\gson-2.2.4.jar;C:\idea\jar\maven\net\sf\json-lib\json-lib\2.4\json-lib-2.4-jdk15.jar;C:\idea\jar\maven\commons-beanutils\commons-beanutils\1.8.0\commons-beanutils-1.8.0.jar;C:\idea\jar\maven\commons-collections\commons-collections\3.2.1\commons-collections-3.2.1.jar;C:\idea\jar\maven\commons-logging\commons-logging\1.1.1\commons-logging-1.1.1.jar;C:\idea\jar\maven\net\sf\ezmorph\ezmorph\1.0.6\ezmorph-1.0.6.jar;C:\idea\jar\maven\org\apache\httpcomponents\httpclient\4.5.6\httpclient-4.5.6.jar;C:\idea\jar\maven\org\apache\httpcomponents\httpcore\4.4.10\httpcore-4.4.10.jar;C:\idea\jar\maven\commons-codec\commons-codec\1.10\commons-codec-1.10.jar;C:\idea\jar\maven\org\apache\solr\solr-solrj\7.4.0\solr-solrj-7.4.0.jar;C:\idea\jar\maven\commons-io\commons-io\2.5\commons-io-2.5.jar;C:\idea\jar\maven\org\apache\httpcomponents\httpmime\4.5.3\httpmime-4.5.3.jar;C:\idea\jar\maven\org\apache\zookeeper\zookeeper\3.4.11\zookeeper-3.4.11.jar;C:\idea\jar\maven\org\codehaus\woodstox\stax2-api\3.1.4\stax2-api-3.1.4.jar;C:\idea\jar\maven\org\codehaus\woodstox\woodstox-core-asl\4.4.1\woodstox-core-asl-4.4.1.jar;C:\idea\jar\maven\org\noggit\noggit\0.8\noggit-0.8.jar;C:\idea\jar\maven\org\apache\solr\solr-core\7.4.0\solr-core-7.4.0.jar;C:\idea\jar\maven\org\apache\lucene\lucene-analyzers-common\7.4.0\lucene-analyzers-common-7.4.0.jar;C:\idea\jar\maven\org\apache\lucene\lucene-analyzers-kuromoji\7.4.0\lucene-analyzers-kuromoji-7.4.0.jar;C:\idea\jar\maven\org\apache\lucene\lucene-analyzers-phonetic\7.4.0\lucene-analyzers-phonetic-7.4.0.jar;C:\idea\jar\maven\org\apache\lucene\lucene-backward-codecs\7.4.0\lucene-backward-codecs-7.4.0.jar;C:\idea\jar\maven\org\apache\lucene\lucene-classification\7.4.0\lucene-classification-7.4.0.jar;C:\idea\jar\maven\org\apache\lucene\lucene-codecs\7.4.0\lucene-codecs-7.4.0.jar;C:\idea\jar\maven\org\apache\lucene\lucene-core\7.4.0\lucene-core-7.4.0.jar;C:\idea\jar\maven\org\apache\lucene\lucene-expressions\7.4.0\lucene-expressions-7.4.0.jar;C:\idea\jar\maven\org\apache\lucene\lucene-grouping\7.4.0\lucene-grouping-7.4.0.jar;C:\idea\jar\maven\org\apache\lucene\lucene-highlighter\7.4.0\lucene-highlighter-7.4.0.jar;C:\idea\jar\maven\org\apache\lucene\lucene-join\7.4.0\lucene-join-7.4.0.jar;C:\idea\jar\maven\org\apache\lucene\lucene-memory\7.4.0\lucene-memory-7.4.0.jar;C:\idea\jar\maven\org\apache\lucene\lucene-misc\7.4.0\lucene-misc-7.4.0.jar;C:\idea\jar\maven\org\apache\lucene\lucene-queries\7.4.0\lucene-queries-7.4.0.jar;C:\idea\jar\maven\org\apache\lucene\lucene-queryparser\7.4.0\lucene-queryparser-7.4.0.jar;C:\idea\jar\maven\org\apache\lucene\lucene-sandbox\7.4.0\lucene-sandbox-7.4.0.jar;C:\idea\jar\maven\org\apache\lucene\lucene-spatial-extras\7.4.0\lucene-spatial-extras-7.4.0.jar;C:\idea\jar\maven\org\apache\lucene\lucene-spatial3d\7.4.0\lucene-spatial3d-7.4.0.jar;C:\idea\jar\maven\org\apache\lucene\lucene-suggest\7.4.0\lucene-suggest-7.4.0.jar;C:\idea\jar\maven\com\carrotsearch\hppc\0.8.1\hppc-0.8.1.jar;C:\idea\jar\maven\com\fasterxml\jackson\core\jackson-annotations\2.9.5\jackson-annotations-2.9.5.jar;C:\idea\jar\maven\com\fasterxml\jackson\core\jackson-core\2.9.5\jackson-core-2.9.5.jar;C:\idea\jar\maven\com\fasterxml\jackson\dataformat\jackson-dataformat-smile\2.9.5\jackson-dataformat-smile-2.9.5.jar;C:\idea\jar\maven\com\github\ben-manes\caffeine\caffeine\2.4.0\caffeine-2.4.0.jar;C:\idea\jar\maven\com\google\guava\guava\14.0.1\guava-14.0.1.jar;C:\idea\jar\maven\com\google\protobuf\protobuf-java\3.1.0\protobuf-java-3.1.0.jar;C:\idea\jar\maven\com\lmax\disruptor\3.4.0\disruptor-3.4.0.jar;C:\idea\jar\maven\com\tdunning\t-digest\3.1\t-digest-3.1.jar;C:\idea\jar\maven\commons-cli\commons-cli\1.2\commons-cli-1.2.jar;C:\idea\jar\maven\commons-configuration\commons-configuration\1.6\commons-configuration-1.6.jar;C:\idea\jar\maven\commons-fileupload\commons-fileupload\1.3.3\commons-fileupload-1.3.3.jar;C:\idea\jar\maven\dom4j\dom4j\1.6.1\dom4j-1.6.1.jar;C:\idea\jar\maven\info\ganglia\gmetric4j\gmetric4j\1.0.7\gmetric4j-1.0.7.jar;C:\idea\jar\maven\io\dropwizard\metrics\metrics-ganglia\3.2.6\metrics-ganglia-3.2.6.jar;C:\idea\jar\maven\io\dropwizard\metrics\metrics-jetty9\3.2.6\metrics-jetty9-3.2.6.jar;C:\idea\jar\maven\joda-time\joda-time\2.2\joda-time-2.2.jar;C:\idea\jar\maven\net\hydromatic\eigenbase-properties\1.1.5\eigenbase-properties-1.1.5.jar;C:\idea\jar\maven\org\antlr\antlr4-runtime\4.5.1-1\antlr4-runtime-4.5.1-1.jar;C:\idea\jar\maven\org\apache\calcite\calcite-core\1.13.0\calcite-core-1.13.0.jar;C:\idea\jar\maven\org\apache\calcite\calcite-linq4j\1.13.0\calcite-linq4j-1.13.0.jar;C:\idea\jar\maven\org\apache\calcite\avatica\avatica-core\1.10.0\avatica-core-1.10.0.jar;C:\idea\jar\maven\org\apache\commons\commons-exec\1.3\commons-exec-1.3.jar;C:\idea\jar\maven\org\apache\curator\curator-client\2.8.0\curator-client-2.8.0.jar;C:\idea\jar\maven\org\apache\curator\curator-framework\2.8.0\curator-framework-2.8.0.jar;C:\idea\jar\maven\org\apache\hadoop\hadoop-annotations\2.7.4\hadoop-annotations-2.7.4.jar;C:\java\jre\..\lib\tools.jar;C:\idea\jar\maven\org\apache\hadoop\hadoop-auth\2.7.4\hadoop-auth-2.7.4.jar;C:\idea\jar\maven\org\apache\hadoop\hadoop-common\2.7.4\hadoop-common-2.7.4.jar;C:\idea\jar\maven\org\apache\hadoop\hadoop-hdfs\2.7.4\hadoop-hdfs-2.7.4.jar;C:\idea\jar\maven\org\apache\htrace\htrace-core\3.2.0-incubating\htrace-core-3.2.0-incubating.jar;C:\idea\jar\maven\org\apache\logging\log4j\log4j-1.2-api\2.11.0\log4j-1.2-api-2.11.0.jar;C:\idea\jar\maven\org\apache\logging\log4j\log4j-api\2.11.0\log4j-api-2.11.0.jar;C:\idea\jar\maven\org\apache\logging\log4j\log4j-core\2.11.0\log4j-core-2.11.0.jar;C:\idea\jar\maven\org\apache\logging\log4j\log4j-slf4j-impl\2.11.0\log4j-slf4j-impl-2.11.0.jar;C:\idea\jar\maven\org\codehaus\jackson\jackson-core-asl\1.9.13\jackson-core-asl-1.9.13.jar;C:\idea\jar\maven\org\codehaus\jackson\jackson-mapper-asl\1.9.13\jackson-mapper-asl-1.9.13.jar;C:\idea\jar\maven\org\codehaus\janino\commons-compiler\2.7.6\commons-compiler-2.7.6.jar;C:\idea\jar\maven\org\codehaus\janino\janino\2.7.6\janino-2.7.6.jar;C:\idea\jar\maven\org\eclipse\jetty\jetty-continuation\9.4.10.v20180503\jetty-continuation-9.4.10.v20180503.jar;C:\idea\jar\maven\org\eclipse\jetty\jetty-deploy\9.4.10.v20180503\jetty-deploy-9.4.10.v20180503.jar;C:\idea\jar\maven\org\eclipse\jetty\jetty-http\9.4.10.v20180503\jetty-http-9.4.10.v20180503.jar;C:\idea\jar\maven\org\eclipse\jetty\jetty-io\9.4.10.v20180503\jetty-io-9.4.10.v20180503.jar;C:\idea\jar\maven\org\eclipse\jetty\jetty-jmx\9.4.10.v20180503\jetty-jmx-9.4.10.v20180503.jar;C:\idea\jar\maven\org\eclipse\jetty\jetty-rewrite\9.4.10.v20180503\jetty-rewrite-9.4.10.v20180503.jar;C:\idea\jar\maven\org\eclipse\jetty\jetty-security\9.4.10.v20180503\jetty-security-9.4.10.v20180503.jar;C:\idea\jar\maven\org\eclipse\jetty\jetty-server\9.4.10.v20180503\jetty-server-9.4.10.v20180503.jar;C:\idea\jar\maven\org\eclipse\jetty\jetty-servlet\9.4.10.v20180503\jetty-servlet-9.4.10.v20180503.jar;C:\idea\jar\maven\org\eclipse\jetty\jetty-servlets\9.4.10.v20180503\jetty-servlets-9.4.10.v20180503.jar;C:\idea\jar\maven\org\eclipse\jetty\jetty-util\9.4.10.v20180503\jetty-util-9.4.10.v20180503.jar;C:\idea\jar\maven\org\eclipse\jetty\jetty-webapp\9.4.10.v20180503\jetty-webapp-9.4.10.v20180503.jar;C:\idea\jar\maven\org\eclipse\jetty\jetty-xml\9.4.10.v20180503\jetty-xml-9.4.10.v20180503.jar;C:\idea\jar\maven\org\locationtech\spatial4j\spatial4j\0.7\spatial4j-0.7.jar;C:\idea\jar\maven\org\ow2\asm\asm\5.1\asm-5.1.jar;C:\idea\jar\maven\org\ow2\asm\asm-commons\5.1\asm-commons-5.1.jar;C:\idea\jar\maven\org\restlet\jee\org.restlet\2.3.0\org.restlet-2.3.0.jar;C:\idea\jar\maven\org\restlet\jee\org.restlet.ext.servlet\2.3.0\org.restlet.ext.servlet-2.3.0.jar;C:\idea\jar\maven\org\rrd4j\rrd4j\3.2\rrd4j-3.2.jar;C:\idea\jar\maven\org\json\json\20180130\json-20180130.jar;C:\idea\jar\maven\org\uncommons\reportng\1.1.4\reportng-1.1.4.jar;C:\idea\jar\maven\velocity\velocity\1.4\velocity-1.4.jar;C:\idea\jar\maven\velocity\velocity-dep\1.4\velocity-dep-1.4.jar;C:\idea\jar\maven\com\google\inject\guice\3.0\guice-3.0.jar;C:\idea\jar\maven\javax\inject\javax.inject\1\javax.inject-1.jar;C:\idea\jar\maven\aopalliance\aopalliance\1.0\aopalliance-1.0.jar;C:\idea\jar\maven\net\sf\saxon\saxon\8.7\saxon-8.7.jar;"/>
    <property name="maven.conf" value="C:\rdos\apache-maven-3.5.2-bin\apache-maven-3.5.2\bin\../conf"/>
    <property name="java.specification.name" value="Java Platform API Specification"/>
    <property name="java.class.version" value="52.0"/>
    <property name="sun.management.compiler" value="HotSpot 64-Bit Tiered Compilers"/>
    <property name="os.version" value="10.0"/>
    <property name="library.jansi.path" value="C:\rdos\apache-maven-3.5.2-bin\apache-maven-3.5.2\bin\..\lib\jansi-native"/>
    <property name="user.home" value="C:\Users\li"/>
    <property name="user.timezone" value="Asia/Shanghai"/>
    <property name="java.awt.printerjob" value="sun.awt.windows.WPrinterJob"/>
    <property name="java.specification.version" value="1.8"/>
    <property name="file.encoding" value="GBK"/>
    <property name="user.name" value="li"/>
    <property name="java.class.path" value="C:\rdos\apache-maven-3.5.2-bin\apache-maven-3.5.2\bin\..\boot\plexus-classworlds-2.5.2.jar"/>
    <property name="java.vm.specification.version" value="1.8"/>
    <property name="sun.arch.data.model" value="64"/>
    <property name="java.home" value="C:\java\jre"/>
    <property name="sun.java.command" value="org.codehaus.plexus.classworlds.launcher.Launcher clean install"/>
    <property name="java.specification.vendor" value="Oracle Corporation"/>
    <property name="user.language" value="zh"/>
    <property name="awt.toolkit" value="sun.awt.windows.WToolkit"/>
    <property name="java.vm.info" value="mixed mode"/>
    <property name="java.version" value="1.8.0_144"/>
    <property name="java.ext.dirs" value="C:\java\jre\lib\ext;C:\WINDOWS\Sun\Java\lib\ext"/>
    <property name="sun.boot.class.path" value="C:\java\jre\lib\resources.jar;C:\java\jre\lib\rt.jar;C:\java\jre\lib\sunrsasign.jar;C:\java\jre\lib\jsse.jar;C:\java\jre\lib\jce.jar;C:\java\jre\lib\charsets.jar;C:\java\jre\lib\jfr.jar;C:\java\jre\classes"/>
    <property name="java.vendor" value="Oracle Corporation"/>
    <property name="sun.stderr.encoding" value="ms936"/>
    <property name="maven.home" value="C:\rdos\apache-maven-3.5.2-bin\apache-maven-3.5.2\bin\.."/>
    <property name="localRepository" value="C:\idea\jar\maven"/>
    <property name="file.separator" value="\"/>
    <property name="java.vendor.url.bug" value="http://bugreport.sun.com/bugreport/"/>
    <property name="sun.cpu.endian" value="little"/>
    <property name="sun.io.unicode.encoding" value="UnicodeLittle"/>
    <property name="sun.stdout.encoding" value="ms936"/>
    <property name="sun.desktop" value="windows"/>
    <property name="sun.cpu.isalist" value="amd64"/>
  </properties>
  <testcase name="getCatalogueTest" time="1.177"/>
</testsuite>