<?xml version="1.0" encoding="UTF-8"?>
<!-- Generated by org.testng.reporters.JUnitReportReporter -->
<testsuite hostname="LAPTOP-IFK1OHJ7" name="post.TestHttpPostData" tests="1" failures="0" timestamp="15 Aug 2018 09:43:10 GMT" time="1.179" errors="0">
  <testcase name="getCatalogueTest" time="1.179" classname="post.TestHttpPostData"/>
</testsuite> <!-- post.TestHttpPostData -->
